0 info it worked if it ends with ok
1 verbose cli [ '/usr/bin/node', '/usr/bin/npm', 'i', 'mkdirp' ]
2 info using npm@3.5.2
3 info using node@v8.10.0
4 silly loadCurrentTree Starting
5 silly install loadCurrentTree
6 silly install readLocalPackageData
7 silly fetchPackageMetaData mkdirp
8 silly fetchNamedPackageData mkdirp
9 silly mapToRegistry name mkdirp
10 silly mapToRegistry using default registry
11 silly mapToRegistry registry https://registry.npmjs.org/
12 silly mapToRegistry uri https://registry.npmjs.org/mkdirp
13 verbose get https://registry.npmjs.org/mkdirp not expired, no request
14 silly install normalizeTree
15 silly loadCurrentTree Finishing
16 silly loadIdealTree Starting
17 silly install loadIdealTree
18 silly cloneCurrentTree Starting
19 silly install cloneCurrentTreeToIdealTree
20 silly cloneCurrentTree Finishing
21 silly loadShrinkwrap Starting
22 silly install loadShrinkwrap
23 silly loadShrinkwrap Finishing
24 silly loadAllDepsIntoIdealTree Starting
25 silly install loadAllDepsIntoIdealTree
26 silly resolveWithNewModule mkdirp@1.0.4 checking installable status
27 silly cache add args [ 'mkdirp', null ]
28 verbose cache add spec mkdirp
29 silly cache add parsed spec Result {
29 silly cache add   raw: 'mkdirp',
29 silly cache add   scope: null,
29 silly cache add   name: 'mkdirp',
29 silly cache add   rawSpec: '',
29 silly cache add   spec: 'latest',
29 silly cache add   type: 'tag' }
30 silly addNamed mkdirp@latest
31 verbose addNamed "latest" is being treated as a dist-tag for mkdirp
32 info addNameTag [ 'mkdirp', 'latest' ]
33 silly mapToRegistry name mkdirp
34 silly mapToRegistry using default registry
35 silly mapToRegistry registry https://registry.npmjs.org/
36 silly mapToRegistry uri https://registry.npmjs.org/mkdirp
37 verbose addNameTag registry:https://registry.npmjs.org/mkdirp not in flight; fetching
38 verbose get https://registry.npmjs.org/mkdirp not expired, no request
39 silly addNameTag next cb for mkdirp with tag latest
40 silly addNamed mkdirp@1.0.4
41 verbose addNamed "1.0.4" is a plain semver version for mkdirp
42 silly mapToRegistry name mkdirp
43 silly mapToRegistry using default registry
44 silly mapToRegistry registry https://registry.npmjs.org/
45 silly mapToRegistry uri https://registry.npmjs.org/mkdirp
46 verbose addRemoteTarball https://registry.npmjs.org/mkdirp/-/mkdirp-1.0.4.tgz not in flight; adding
47 verbose addRemoteTarball [ 'https://registry.npmjs.org/mkdirp/-/mkdirp-1.0.4.tgz',
47 verbose addRemoteTarball   '3eb5ed62622756d79a5f0e2a221dfebad75c2f7e' ]
48 info retry fetch attempt 1 at 4:35:35 PM
49 info attempt registry request try #1 at 4:35:35 PM
50 http fetch GET https://registry.npmjs.org/mkdirp/-/mkdirp-1.0.4.tgz
51 verbose request id 4f3dd2aaeda3cebc
52 http fetch 200 https://registry.npmjs.org/mkdirp/-/mkdirp-1.0.4.tgz
53 silly fetchAndShaCheck shasum 3eb5ed62622756d79a5f0e2a221dfebad75c2f7e
54 verbose addTmpTarball /tmp/npm-5025-bf6e23f3/registry.npmjs.org/mkdirp/-/mkdirp-1.0.4.tgz not in flight; adding
55 verbose addTmpTarball already have metadata; skipping unpack for mkdirp@1.0.4
56 silly cache afterAdd mkdirp@1.0.4
57 verbose afterAdd /root/.npm/mkdirp/1.0.4/package/package.json not in flight; writing
58 verbose afterAdd /root/.npm/mkdirp/1.0.4/package/package.json written
59 silly fetchNamedPackageData mkdirp
60 silly mapToRegistry name mkdirp
61 silly mapToRegistry using default registry
62 silly mapToRegistry registry https://registry.npmjs.org/
63 silly mapToRegistry uri https://registry.npmjs.org/mkdirp
64 silly resolveWithNewModule mkdirp@0.5.5 checking installable status
65 silly cache add args [ 'mkdirp@^0.5.1', null ]
66 verbose cache add spec mkdirp@^0.5.1
67 silly cache add parsed spec Result {
67 silly cache add   raw: 'mkdirp@^0.5.1',
67 silly cache add   scope: null,
67 silly cache add   name: 'mkdirp',
67 silly cache add   rawSpec: '^0.5.1',
67 silly cache add   spec: '>=0.5.1 <0.6.0',
67 silly cache add   type: 'range' }
68 silly addNamed mkdirp@>=0.5.1 <0.6.0
69 verbose addNamed ">=0.5.1 <0.6.0" is a valid semver range for mkdirp
70 silly addNameRange { name: 'mkdirp', range: '>=0.5.1 <0.6.0', hasData: false }
71 silly mapToRegistry name mkdirp
72 silly mapToRegistry using default registry
73 silly mapToRegistry registry https://registry.npmjs.org/
74 silly mapToRegistry uri https://registry.npmjs.org/mkdirp
75 verbose addNameRange registry:https://registry.npmjs.org/mkdirp not in flight; fetching
76 verbose get https://registry.npmjs.org/mkdirp not expired, no request
77 silly addNameRange number 2 { name: 'mkdirp', range: '>=0.5.1 <0.6.0', hasData: true }
78 silly addNameRange versions [ 'mkdirp',
78 silly addNameRange   [ '0.0.1',
78 silly addNameRange     '0.0.2',
78 silly addNameRange     '0.0.3',
78 silly addNameRange     '0.0.4',
78 silly addNameRange     '0.0.5',
78 silly addNameRange     '0.0.6',
78 silly addNameRange     '0.0.7',
78 silly addNameRange     '0.1.0',
78 silly addNameRange     '0.2.0',
78 silly addNameRange     '0.2.1',
78 silly addNameRange     '0.2.2',
78 silly addNameRange     '0.3.0',
78 silly addNameRange     '0.3.1',
78 silly addNameRange     '0.3.2',
78 silly addNameRange     '0.3.3',
78 silly addNameRange     '0.3.4',
78 silly addNameRange     '0.3.5',
78 silly addNameRange     '0.4.0',
78 silly addNameRange     '0.4.1',
78 silly addNameRange     '0.4.2',
78 silly addNameRange     '0.5.0',
78 silly addNameRange     '0.5.1',
78 silly addNameRange     '1.0.0',
78 silly addNameRange     '1.0.1',
78 silly addNameRange     '1.0.2',
78 silly addNameRange     '1.0.3',
78 silly addNameRange     '0.5.2',
78 silly addNameRange     '0.5.3',
78 silly addNameRange     '0.5.4',
78 silly addNameRange     '1.0.4',
78 silly addNameRange     '0.5.5' ] ]
79 silly addNamed mkdirp@0.5.5
80 verbose addNamed "0.5.5" is a plain semver version for mkdirp
81 silly cache afterAdd mkdirp@0.5.5
82 verbose afterAdd /root/.npm/mkdirp/0.5.5/package/package.json not in flight; writing
83 verbose afterAdd /root/.npm/mkdirp/0.5.5/package/package.json written
84 silly fetchNamedPackageData minimist
85 silly mapToRegistry name minimist
86 silly mapToRegistry using default registry
87 silly mapToRegistry registry https://registry.npmjs.org/
88 silly mapToRegistry uri https://registry.npmjs.org/minimist
89 verbose request uri https://registry.npmjs.org/minimist
90 verbose request no auth needed
91 info attempt registry request try #1 at 4:35:35 PM
92 http request GET https://registry.npmjs.org/minimist
93 http 200 https://registry.npmjs.org/minimist
94 verbose headers { date: 'Tue, 12 May 2020 13:35:34 GMT',
94 verbose headers   'content-type': 'application/json',
94 verbose headers   'transfer-encoding': 'chunked',
94 verbose headers   connection: 'keep-alive',
94 verbose headers   'set-cookie':
94 verbose headers    [ '__cfduid=d574a9a59aeedac1cf709b462b417d8791589290534; expires=Thu, 11-Jun-20 13:35:34 GMT; path=/; domain=.npmjs.org; HttpOnly; SameSite=Lax' ],
94 verbose headers   'cf-ray': '59248612985dc277-FRA',
94 verbose headers   age: '2652',
94 verbose headers   'cache-control': 'public, max-age=300',
94 verbose headers   etag: 'W/"ab6c93df45eeb8867cab5ea4f62b4b74"',
94 verbose headers   'last-modified': 'Thu, 12 Mar 2020 22:16:24 GMT',
94 verbose headers   vary: 'accept-encoding, accept',
94 verbose headers   'cf-cache-status': 'HIT',
94 verbose headers   'expect-ct': 'max-age=604800, report-uri="https://report-uri.cloudflare.com/cdn-cgi/beacon/expect-ct"',
94 verbose headers   server: 'cloudflare',
94 verbose headers   'content-encoding': 'gzip',
94 verbose headers   'cf-request-id': '02aab21f9c0000c2770b8c7200000001' }
95 silly get cb [ 200,
95 silly get   { date: 'Tue, 12 May 2020 13:35:34 GMT',
95 silly get     'content-type': 'application/json',
95 silly get     'transfer-encoding': 'chunked',
95 silly get     connection: 'keep-alive',
95 silly get     'set-cookie':
95 silly get      [ '__cfduid=d574a9a59aeedac1cf709b462b417d8791589290534; expires=Thu, 11-Jun-20 13:35:34 GMT; path=/; domain=.npmjs.org; HttpOnly; SameSite=Lax' ],
95 silly get     'cf-ray': '59248612985dc277-FRA',
95 silly get     age: '2652',
95 silly get     'cache-control': 'public, max-age=300',
95 silly get     etag: 'W/"ab6c93df45eeb8867cab5ea4f62b4b74"',
95 silly get     'last-modified': 'Thu, 12 Mar 2020 22:16:24 GMT',
95 silly get     vary: 'accept-encoding, accept',
95 silly get     'cf-cache-status': 'HIT',
95 silly get     'expect-ct': 'max-age=604800, report-uri="https://report-uri.cloudflare.com/cdn-cgi/beacon/expect-ct"',
95 silly get     server: 'cloudflare',
95 silly get     'content-encoding': 'gzip',
95 silly get     'cf-request-id': '02aab21f9c0000c2770b8c7200000001' } ]
96 verbose get saving minimist to /root/.npm/registry.npmjs.org/minimist/.cache.json
97 silly resolveWithNewModule minimist@1.2.5 checking installable status
98 silly cache add args [ 'minimist@^1.2.5', null ]
99 verbose cache add spec minimist@^1.2.5
100 silly cache add parsed spec Result {
100 silly cache add   raw: 'minimist@^1.2.5',
100 silly cache add   scope: null,
100 silly cache add   name: 'minimist',
100 silly cache add   rawSpec: '^1.2.5',
100 silly cache add   spec: '>=1.2.5 <2.0.0',
100 silly cache add   type: 'range' }
101 silly addNamed minimist@>=1.2.5 <2.0.0
102 verbose addNamed ">=1.2.5 <2.0.0" is a valid semver range for minimist
103 silly addNameRange { name: 'minimist', range: '>=1.2.5 <2.0.0', hasData: false }
104 silly mapToRegistry name minimist
105 silly mapToRegistry using default registry
106 silly mapToRegistry registry https://registry.npmjs.org/
107 silly mapToRegistry uri https://registry.npmjs.org/minimist
108 verbose addNameRange registry:https://registry.npmjs.org/minimist not in flight; fetching
109 verbose get https://registry.npmjs.org/minimist not expired, no request
110 silly addNameRange number 2 { name: 'minimist', range: '>=1.2.5 <2.0.0', hasData: true }
111 silly addNameRange versions [ 'minimist',
111 silly addNameRange   [ '0.0.0',
111 silly addNameRange     '0.0.1',
111 silly addNameRange     '0.0.2',
111 silly addNameRange     '0.0.3',
111 silly addNameRange     '0.0.4',
111 silly addNameRange     '0.0.5',
111 silly addNameRange     '0.0.6',
111 silly addNameRange     '0.0.7',
111 silly addNameRange     '0.0.8',
111 silly addNameRange     '0.0.9',
111 silly addNameRange     '0.0.10',
111 silly addNameRange     '0.1.0',
111 silly addNameRange     '0.2.0',
111 silly addNameRange     '1.0.0',
111 silly addNameRange     '1.1.0',
111 silly addNameRange     '1.1.1',
111 silly addNameRange     '1.1.2',
111 silly addNameRange     '1.1.3',
111 silly addNameRange     '1.2.0',
111 silly addNameRange     '1.2.1',
111 silly addNameRange     '1.2.2',
111 silly addNameRange     '1.2.3',
111 silly addNameRange     '1.2.4',
111 silly addNameRange     '0.2.1',
111 silly addNameRange     '1.2.5' ] ]
112 silly addNamed minimist@1.2.5
113 verbose addNamed "1.2.5" is a plain semver version for minimist
114 silly mapToRegistry name minimist
115 silly mapToRegistry using default registry
116 silly mapToRegistry registry https://registry.npmjs.org/
117 silly mapToRegistry uri https://registry.npmjs.org/minimist
118 verbose addRemoteTarball https://registry.npmjs.org/minimist/-/minimist-1.2.5.tgz not in flight; adding
119 verbose addRemoteTarball [ 'https://registry.npmjs.org/minimist/-/minimist-1.2.5.tgz',
119 verbose addRemoteTarball   '67d66014b66a6a8aaa0c083c5fd58df4e4e97602' ]
120 info retry fetch attempt 1 at 4:35:36 PM
121 info attempt registry request try #1 at 4:35:36 PM
122 http fetch GET https://registry.npmjs.org/minimist/-/minimist-1.2.5.tgz
123 http fetch 200 https://registry.npmjs.org/minimist/-/minimist-1.2.5.tgz
124 silly fetchAndShaCheck shasum 67d66014b66a6a8aaa0c083c5fd58df4e4e97602
125 verbose addTmpTarball /tmp/npm-5025-bf6e23f3/registry.npmjs.org/minimist/-/minimist-1.2.5.tgz not in flight; adding
126 verbose addTmpTarball already have metadata; skipping unpack for minimist@1.2.5
127 silly cache afterAdd minimist@1.2.5
128 verbose afterAdd /root/.npm/minimist/1.2.5/package/package.json not in flight; writing
129 verbose afterAdd /root/.npm/minimist/1.2.5/package/package.json written
130 silly loadAllDepsIntoIdealTree Finishing
131 silly idealTree:prePrune kti-eios-server@1.0.0
131 silly idealTree:prePrune ├── accepts@1.3.7
131 silly idealTree:prePrune ├── append-field@1.0.0
131 silly idealTree:prePrune ├── array-flatten@1.1.1
131 silly idealTree:prePrune ├── bl@2.2.0
131 silly idealTree:prePrune ├── bluebird@3.5.1
131 silly idealTree:prePrune ├── body-parser@1.19.0
131 silly idealTree:prePrune ├── bson@1.1.4
131 silly idealTree:prePrune ├── buffer-from@1.1.1
131 silly idealTree:prePrune ├── buffer-writer@2.0.0
131 silly idealTree:prePrune ├─┬ busboy@0.2.14
131 silly idealTree:prePrune │ ├── isarray@0.0.1
131 silly idealTree:prePrune │ ├── readable-stream@1.1.14
131 silly idealTree:prePrune │ └── string_decoder@0.10.31
131 silly idealTree:prePrune ├── bytes@3.1.0
131 silly idealTree:prePrune ├── concat-stream@1.6.2
131 silly idealTree:prePrune ├── connect-mongo@3.2.0
131 silly idealTree:prePrune ├── connect-redis@4.0.4
131 silly idealTree:prePrune ├─┬ content-disposition@0.5.3
131 silly idealTree:prePrune │ └── safe-buffer@5.1.2
131 silly idealTree:prePrune ├── content-type@1.0.4
131 silly idealTree:prePrune ├── cookie-parser@1.4.5
131 silly idealTree:prePrune ├── cookie-signature@1.0.6
131 silly idealTree:prePrune ├── cookie@0.4.0
131 silly idealTree:prePrune ├── core-util-is@1.0.2
131 silly idealTree:prePrune ├── cors@2.8.5
131 silly idealTree:prePrune ├── debug@2.6.9
131 silly idealTree:prePrune ├── denque@1.4.1
131 silly idealTree:prePrune ├── depd@1.1.2
131 silly idealTree:prePrune ├── destroy@1.0.4
131 silly idealTree:prePrune ├─┬ dicer@0.2.5
131 silly idealTree:prePrune │ ├── isarray@0.0.1
131 silly idealTree:prePrune │ ├── readable-stream@1.1.14
131 silly idealTree:prePrune │ └── string_decoder@0.10.31
131 silly idealTree:prePrune ├── ee-first@1.1.1
131 silly idealTree:prePrune ├── encodeurl@1.0.2
131 silly idealTree:prePrune ├── escape-html@1.0.3
131 silly idealTree:prePrune ├── etag@1.8.1
131 silly idealTree:prePrune ├─┬ express-session@1.17.1
131 silly idealTree:prePrune │ └── depd@2.0.0
131 silly idealTree:prePrune ├─┬ express@4.17.1
131 silly idealTree:prePrune │ └── safe-buffer@5.1.2
131 silly idealTree:prePrune ├── finalhandler@1.1.2
131 silly idealTree:prePrune ├── forwarded@0.1.2
131 silly idealTree:prePrune ├── fresh@0.5.2
131 silly idealTree:prePrune ├── http-errors@1.7.2
131 silly idealTree:prePrune ├── iconv-lite@0.4.24
131 silly idealTree:prePrune ├── inherits@2.0.3
131 silly idealTree:prePrune ├── ipaddr.js@1.9.1
131 silly idealTree:prePrune ├── isarray@1.0.0
131 silly idealTree:prePrune ├── kareem@2.3.1
131 silly idealTree:prePrune ├── media-typer@0.3.0
131 silly idealTree:prePrune ├── memory-pager@1.5.0
131 silly idealTree:prePrune ├── merge-descriptors@1.0.1
131 silly idealTree:prePrune ├── methods@1.1.2
131 silly idealTree:prePrune ├── mime-db@1.44.0
131 silly idealTree:prePrune ├── mime-types@2.1.27
131 silly idealTree:prePrune ├── mime@1.6.0
131 silly idealTree:prePrune ├── minimist@1.2.5
131 silly idealTree:prePrune ├── mkdirp@1.0.4
131 silly idealTree:prePrune ├── mongodb@3.5.7
131 silly idealTree:prePrune ├── mongoose-legacy-pluralize@1.0.2
131 silly idealTree:prePrune ├─┬ mongoose@5.9.13
131 silly idealTree:prePrune │ ├── ms@2.1.2
131 silly idealTree:prePrune │ └── safe-buffer@5.1.2
131 silly idealTree:prePrune ├── mpath@0.7.0
131 silly idealTree:prePrune ├─┬ mquery@3.2.2
131 silly idealTree:prePrune │ ├── debug@3.1.0
131 silly idealTree:prePrune │ └── safe-buffer@5.1.2
131 silly idealTree:prePrune ├── ms@2.0.0
131 silly idealTree:prePrune ├─┬ multer@1.4.2
131 silly idealTree:prePrune │ └── mkdirp@0.5.5
131 silly idealTree:prePrune ├── negotiator@0.6.2
131 silly idealTree:prePrune ├── object-assign@4.1.1
131 silly idealTree:prePrune ├── on-finished@2.3.0
131 silly idealTree:prePrune ├── on-headers@1.0.2
131 silly idealTree:prePrune ├── packet-reader@1.0.0
131 silly idealTree:prePrune ├── parseurl@1.3.3
131 silly idealTree:prePrune ├── passport-local@1.0.0
131 silly idealTree:prePrune ├── passport-strategy@1.0.0
131 silly idealTree:prePrune ├── passport@0.4.1
131 silly idealTree:prePrune ├── path-to-regexp@0.1.7
131 silly idealTree:prePrune ├── pause@0.0.1
131 silly idealTree:prePrune ├── pg-connection-string@2.2.2
131 silly idealTree:prePrune ├── pg-int8@1.0.1
131 silly idealTree:prePrune ├── pg-pool@3.2.0
131 silly idealTree:prePrune ├── pg-protocol@1.2.2
131 silly idealTree:prePrune ├── pg-types@2.2.0
131 silly idealTree:prePrune ├─┬ pg@8.1.0
131 silly idealTree:prePrune │ └── semver@4.3.2
131 silly idealTree:prePrune ├── pgpass@1.0.2
131 silly idealTree:prePrune ├── postgres-array@2.0.0
131 silly idealTree:prePrune ├── postgres-bytea@1.0.0
131 silly idealTree:prePrune ├── postgres-date@1.0.5
131 silly idealTree:prePrune ├── postgres-interval@1.2.0
131 silly idealTree:prePrune ├── process-nextick-args@2.0.1
131 silly idealTree:prePrune ├── proxy-addr@2.0.6
131 silly idealTree:prePrune ├── qs@6.7.0
131 silly idealTree:prePrune ├── random-bytes@1.0.0
131 silly idealTree:prePrune ├── range-parser@1.2.1
131 silly idealTree:prePrune ├── raw-body@2.4.0
131 silly idealTree:prePrune ├─┬ readable-stream@2.3.7
131 silly idealTree:prePrune │ └── safe-buffer@5.1.2
131 silly idealTree:prePrune ├── redis-commands@1.5.0
131 silly idealTree:prePrune ├── redis-errors@1.2.0
131 silly idealTree:prePrune ├── redis-parser@3.0.0
131 silly idealTree:prePrune ├── redis@3.0.2
131 silly idealTree:prePrune ├── regexp-clone@1.0.0
131 silly idealTree:prePrune ├── require_optional@1.0.1
131 silly idealTree:prePrune ├── resolve-from@2.0.0
131 silly idealTree:prePrune ├── safe-buffer@5.2.0
131 silly idealTree:prePrune ├── safer-buffer@2.1.2
131 silly idealTree:prePrune ├── saslprep@1.0.3
131 silly idealTree:prePrune ├── semver@5.7.1
131 silly idealTree:prePrune ├─┬ send@0.17.1
131 silly idealTree:prePrune │ └── ms@2.1.1
131 silly idealTree:prePrune ├── serve-static@1.14.1
131 silly idealTree:prePrune ├── setprototypeof@1.1.1
131 silly idealTree:prePrune ├── sift@7.0.1
131 silly idealTree:prePrune ├── sliced@1.0.1
131 silly idealTree:prePrune ├── sparse-bitfield@3.0.3
131 silly idealTree:prePrune ├── split@1.0.1
131 silly idealTree:prePrune ├── statuses@1.5.0
131 silly idealTree:prePrune ├── streamsearch@0.1.2
131 silly idealTree:prePrune ├─┬ string_decoder@1.1.1
131 silly idealTree:prePrune │ └── safe-buffer@5.1.2
131 silly idealTree:prePrune ├── through@2.3.8
131 silly idealTree:prePrune ├── toidentifier@1.0.0
131 silly idealTree:prePrune ├── type-is@1.6.18
131 silly idealTree:prePrune ├── typedarray@0.0.6
131 silly idealTree:prePrune ├── uid-safe@2.1.5
131 silly idealTree:prePrune ├── unpipe@1.0.0
131 silly idealTree:prePrune ├── util-deprecate@1.0.2
131 silly idealTree:prePrune ├── utils-merge@1.0.1
131 silly idealTree:prePrune ├── vary@1.1.2
131 silly idealTree:prePrune └── xtend@4.0.2
132 silly loadIdealTree Finishing
133 silly currentTree kti-eios-server@1.0.0
133 silly currentTree ├── accepts@1.3.7
133 silly currentTree ├── append-field@1.0.0
133 silly currentTree ├── array-flatten@1.1.1
133 silly currentTree ├── bl@2.2.0
133 silly currentTree ├── bluebird@3.5.1
133 silly currentTree ├── body-parser@1.19.0
133 silly currentTree ├── bson@1.1.4
133 silly currentTree ├── buffer-from@1.1.1
133 silly currentTree ├── buffer-writer@2.0.0
133 silly currentTree ├─┬ busboy@0.2.14
133 silly currentTree │ ├── isarray@0.0.1
133 silly currentTree │ ├── readable-stream@1.1.14
133 silly currentTree │ └── string_decoder@0.10.31
133 silly currentTree ├── bytes@3.1.0
133 silly currentTree ├── concat-stream@1.6.2
133 silly currentTree ├── connect-mongo@3.2.0
133 silly currentTree ├── connect-redis@4.0.4
133 silly currentTree ├─┬ content-disposition@0.5.3
133 silly currentTree │ └── safe-buffer@5.1.2
133 silly currentTree ├── content-type@1.0.4
133 silly currentTree ├── cookie-parser@1.4.5
133 silly currentTree ├── cookie-signature@1.0.6
133 silly currentTree ├── cookie@0.4.0
133 silly currentTree ├── core-util-is@1.0.2
133 silly currentTree ├── cors@2.8.5
133 silly currentTree ├── debug@2.6.9
133 silly currentTree ├── denque@1.4.1
133 silly currentTree ├── depd@1.1.2
133 silly currentTree ├── destroy@1.0.4
133 silly currentTree ├─┬ dicer@0.2.5
133 silly currentTree │ ├── isarray@0.0.1
133 silly currentTree │ ├── readable-stream@1.1.14
133 silly currentTree │ └── string_decoder@0.10.31
133 silly currentTree ├── ee-first@1.1.1
133 silly currentTree ├── encodeurl@1.0.2
133 silly currentTree ├── escape-html@1.0.3
133 silly currentTree ├── etag@1.8.1
133 silly currentTree ├─┬ express-session@1.17.1
133 silly currentTree │ └── depd@2.0.0
133 silly currentTree ├─┬ express@4.17.1
133 silly currentTree │ └── safe-buffer@5.1.2
133 silly currentTree ├── finalhandler@1.1.2
133 silly currentTree ├── forwarded@0.1.2
133 silly currentTree ├── fresh@0.5.2
133 silly currentTree ├── http-errors@1.7.2
133 silly currentTree ├── iconv-lite@0.4.24
133 silly currentTree ├── inherits@2.0.3
133 silly currentTree ├── ipaddr.js@1.9.1
133 silly currentTree ├── isarray@1.0.0
133 silly currentTree ├── kareem@2.3.1
133 silly currentTree ├── media-typer@0.3.0
133 silly currentTree ├── memory-pager@1.5.0
133 silly currentTree ├── merge-descriptors@1.0.1
133 silly currentTree ├── methods@1.1.2
133 silly currentTree ├── mime-db@1.44.0
133 silly currentTree ├── mime-types@2.1.27
133 silly currentTree ├── mime@1.6.0
133 silly currentTree ├── minimist@1.2.5
133 silly currentTree ├── mkdirp@0.5.5
133 silly currentTree ├── mongodb@3.5.7
133 silly currentTree ├── mongoose-legacy-pluralize@1.0.2
133 silly currentTree ├─┬ mongoose@5.9.13
133 silly currentTree │ ├── ms@2.1.2
133 silly currentTree │ └── safe-buffer@5.1.2
133 silly currentTree ├── mpath@0.7.0
133 silly currentTree ├─┬ mquery@3.2.2
133 silly currentTree │ ├── debug@3.1.0
133 silly currentTree │ └── safe-buffer@5.1.2
133 silly currentTree ├── ms@2.0.0
133 silly currentTree ├── multer@1.4.2
133 silly currentTree ├── negotiator@0.6.2
133 silly currentTree ├── object-assign@4.1.1
133 silly currentTree ├── on-finished@2.3.0
133 silly currentTree ├── on-headers@1.0.2
133 silly currentTree ├── packet-reader@1.0.0
133 silly currentTree ├── parseurl@1.3.3
133 silly currentTree ├── passport-local@1.0.0
133 silly currentTree ├── passport-strategy@1.0.0
133 silly currentTree ├── passport@0.4.1
133 silly currentTree ├── path-to-regexp@0.1.7
133 silly currentTree ├── pause@0.0.1
133 silly currentTree ├── pg-connection-string@2.2.2
133 silly currentTree ├── pg-int8@1.0.1
133 silly currentTree ├── pg-pool@3.2.0
133 silly currentTree ├── pg-protocol@1.2.2
133 silly currentTree ├── pg-types@2.2.0
133 silly currentTree ├─┬ pg@8.1.0
133 silly currentTree │ └── semver@4.3.2
133 silly currentTree ├── pgpass@1.0.2
133 silly currentTree ├── postgres-array@2.0.0
133 silly currentTree ├── postgres-bytea@1.0.0
133 silly currentTree ├── postgres-date@1.0.5
133 silly currentTree ├── postgres-interval@1.2.0
133 silly currentTree ├── process-nextick-args@2.0.1
133 silly currentTree ├── proxy-addr@2.0.6
133 silly currentTree ├── qs@6.7.0
133 silly currentTree ├── random-bytes@1.0.0
133 silly currentTree ├── range-parser@1.2.1
133 silly currentTree ├── raw-body@2.4.0
133 silly currentTree ├─┬ readable-stream@2.3.7
133 silly currentTree │ └── safe-buffer@5.1.2
133 silly currentTree ├── redis-commands@1.5.0
133 silly currentTree ├── redis-errors@1.2.0
133 silly currentTree ├── redis-parser@3.0.0
133 silly currentTree ├── redis@3.0.2
133 silly currentTree ├── regexp-clone@1.0.0
133 silly currentTree ├── require_optional@1.0.1
133 silly currentTree ├── resolve-from@2.0.0
133 silly currentTree ├── safe-buffer@5.2.0
133 silly currentTree ├── safer-buffer@2.1.2
133 silly currentTree ├── saslprep@1.0.3
133 silly currentTree ├── semver@5.7.1
133 silly currentTree ├─┬ send@0.17.1
133 silly currentTree │ └── ms@2.1.1
133 silly currentTree ├── serve-static@1.14.1
133 silly currentTree ├── setprototypeof@1.1.1
133 silly currentTree ├── sift@7.0.1
133 silly currentTree ├── sliced@1.0.1
133 silly currentTree ├── sparse-bitfield@3.0.3
133 silly currentTree ├── split@1.0.1
133 silly currentTree ├── statuses@1.5.0
133 silly currentTree ├── streamsearch@0.1.2
133 silly currentTree ├─┬ string_decoder@1.1.1
133 silly currentTree │ └── safe-buffer@5.1.2
133 silly currentTree ├── through@2.3.8
133 silly currentTree ├── toidentifier@1.0.0
133 silly currentTree ├── type-is@1.6.18
133 silly currentTree ├── typedarray@0.0.6
133 silly currentTree ├── uid-safe@2.1.5
133 silly currentTree ├── unpipe@1.0.0
133 silly currentTree ├── util-deprecate@1.0.2
133 silly currentTree ├── utils-merge@1.0.1
133 silly currentTree ├── vary@1.1.2
133 silly currentTree └── xtend@4.0.2
134 silly idealTree kti-eios-server@1.0.0
134 silly idealTree ├── accepts@1.3.7
134 silly idealTree ├── append-field@1.0.0
134 silly idealTree ├── array-flatten@1.1.1
134 silly idealTree ├── bl@2.2.0
134 silly idealTree ├── bluebird@3.5.1
134 silly idealTree ├── body-parser@1.19.0
134 silly idealTree ├── bson@1.1.4
134 silly idealTree ├── buffer-from@1.1.1
134 silly idealTree ├── buffer-writer@2.0.0
134 silly idealTree ├─┬ busboy@0.2.14
134 silly idealTree │ ├── isarray@0.0.1
134 silly idealTree │ ├── readable-stream@1.1.14
134 silly idealTree │ └── string_decoder@0.10.31
134 silly idealTree ├── bytes@3.1.0
134 silly idealTree ├── concat-stream@1.6.2
134 silly idealTree ├── connect-mongo@3.2.0
134 silly idealTree ├── connect-redis@4.0.4
134 silly idealTree ├─┬ content-disposition@0.5.3
134 silly idealTree │ └── safe-buffer@5.1.2
134 silly idealTree ├── content-type@1.0.4
134 silly idealTree ├── cookie-parser@1.4.5
134 silly idealTree ├── cookie-signature@1.0.6
134 silly idealTree ├── cookie@0.4.0
134 silly idealTree ├── core-util-is@1.0.2
134 silly idealTree ├── cors@2.8.5
134 silly idealTree ├── debug@2.6.9
134 silly idealTree ├── denque@1.4.1
134 silly idealTree ├── depd@1.1.2
134 silly idealTree ├── destroy@1.0.4
134 silly idealTree ├─┬ dicer@0.2.5
134 silly idealTree │ ├── isarray@0.0.1
134 silly idealTree │ ├── readable-stream@1.1.14
134 silly idealTree │ └── string_decoder@0.10.31
134 silly idealTree ├── ee-first@1.1.1
134 silly idealTree ├── encodeurl@1.0.2
134 silly idealTree ├── escape-html@1.0.3
134 silly idealTree ├── etag@1.8.1
134 silly idealTree ├─┬ express-session@1.17.1
134 silly idealTree │ └── depd@2.0.0
134 silly idealTree ├─┬ express@4.17.1
134 silly idealTree │ └── safe-buffer@5.1.2
134 silly idealTree ├── finalhandler@1.1.2
134 silly idealTree ├── forwarded@0.1.2
134 silly idealTree ├── fresh@0.5.2
134 silly idealTree ├── http-errors@1.7.2
134 silly idealTree ├── iconv-lite@0.4.24
134 silly idealTree ├── inherits@2.0.3
134 silly idealTree ├── ipaddr.js@1.9.1
134 silly idealTree ├── isarray@1.0.0
134 silly idealTree ├── kareem@2.3.1
134 silly idealTree ├── media-typer@0.3.0
134 silly idealTree ├── memory-pager@1.5.0
134 silly idealTree ├── merge-descriptors@1.0.1
134 silly idealTree ├── methods@1.1.2
134 silly idealTree ├── mime-db@1.44.0
134 silly idealTree ├── mime-types@2.1.27
134 silly idealTree ├── mime@1.6.0
134 silly idealTree ├── minimist@1.2.5
134 silly idealTree ├── mkdirp@1.0.4
134 silly idealTree ├── mongodb@3.5.7
134 silly idealTree ├── mongoose-legacy-pluralize@1.0.2
134 silly idealTree ├─┬ mongoose@5.9.13
134 silly idealTree │ ├── ms@2.1.2
134 silly idealTree │ └── safe-buffer@5.1.2
134 silly idealTree ├── mpath@0.7.0
134 silly idealTree ├─┬ mquery@3.2.2
134 silly idealTree │ ├── debug@3.1.0
134 silly idealTree │ └── safe-buffer@5.1.2
134 silly idealTree ├── ms@2.0.0
134 silly idealTree ├─┬ multer@1.4.2
134 silly idealTree │ └── mkdirp@0.5.5
134 silly idealTree ├── negotiator@0.6.2
134 silly idealTree ├── object-assign@4.1.1
134 silly idealTree ├── on-finished@2.3.0
134 silly idealTree ├── on-headers@1.0.2
134 silly idealTree ├── packet-reader@1.0.0
134 silly idealTree ├── parseurl@1.3.3
134 silly idealTree ├── passport-local@1.0.0
134 silly idealTree ├── passport-strategy@1.0.0
134 silly idealTree ├── passport@0.4.1
134 silly idealTree ├── path-to-regexp@0.1.7
134 silly idealTree ├── pause@0.0.1
134 silly idealTree ├── pg-connection-string@2.2.2
134 silly idealTree ├── pg-int8@1.0.1
134 silly idealTree ├── pg-pool@3.2.0
134 silly idealTree ├── pg-protocol@1.2.2
134 silly idealTree ├── pg-types@2.2.0
134 silly idealTree ├─┬ pg@8.1.0
134 silly idealTree │ └── semver@4.3.2
134 silly idealTree ├── pgpass@1.0.2
134 silly idealTree ├── postgres-array@2.0.0
134 silly idealTree ├── postgres-bytea@1.0.0
134 silly idealTree ├── postgres-date@1.0.5
134 silly idealTree ├── postgres-interval@1.2.0
134 silly idealTree ├── process-nextick-args@2.0.1
134 silly idealTree ├── proxy-addr@2.0.6
134 silly idealTree ├── qs@6.7.0
134 silly idealTree ├── random-bytes@1.0.0
134 silly idealTree ├── range-parser@1.2.1
134 silly idealTree ├── raw-body@2.4.0
134 silly idealTree ├─┬ readable-stream@2.3.7
134 silly idealTree │ └── safe-buffer@5.1.2
134 silly idealTree ├── redis-commands@1.5.0
134 silly idealTree ├── redis-errors@1.2.0
134 silly idealTree ├── redis-parser@3.0.0
134 silly idealTree ├── redis@3.0.2
134 silly idealTree ├── regexp-clone@1.0.0
134 silly idealTree ├── require_optional@1.0.1
134 silly idealTree ├── resolve-from@2.0.0
134 silly idealTree ├── safe-buffer@5.2.0
134 silly idealTree ├── safer-buffer@2.1.2
134 silly idealTree ├── saslprep@1.0.3
134 silly idealTree ├── semver@5.7.1
134 silly idealTree ├─┬ send@0.17.1
134 silly idealTree │ └── ms@2.1.1
134 silly idealTree ├── serve-static@1.14.1
134 silly idealTree ├── setprototypeof@1.1.1
134 silly idealTree ├── sift@7.0.1
134 silly idealTree ├── sliced@1.0.1
134 silly idealTree ├── sparse-bitfield@3.0.3
134 silly idealTree ├── split@1.0.1
134 silly idealTree ├── statuses@1.5.0
134 silly idealTree ├── streamsearch@0.1.2
134 silly idealTree ├─┬ string_decoder@1.1.1
134 silly idealTree │ └── safe-buffer@5.1.2
134 silly idealTree ├── through@2.3.8
134 silly idealTree ├── toidentifier@1.0.0
134 silly idealTree ├── type-is@1.6.18
134 silly idealTree ├── typedarray@0.0.6
134 silly idealTree ├── uid-safe@2.1.5
134 silly idealTree ├── unpipe@1.0.0
134 silly idealTree ├── util-deprecate@1.0.2
134 silly idealTree ├── utils-merge@1.0.1
134 silly idealTree ├── vary@1.1.2
134 silly idealTree └── xtend@4.0.2
135 silly generateActionsToTake Starting
136 silly install generateActionsToTake
137 silly generateActionsToTake Finishing
138 silly diffTrees action count 3
139 silly diffTrees add mkdirp@0.5.5
140 silly diffTrees update mkdirp@1.0.4
141 silly diffTrees update multer@1.4.2
142 silly decomposeActions action count 24
143 silly decomposeActions fetch mkdirp@0.5.5
144 silly decomposeActions extract mkdirp@0.5.5
145 silly decomposeActions test mkdirp@0.5.5
146 silly decomposeActions preinstall mkdirp@0.5.5
147 silly decomposeActions build mkdirp@0.5.5
148 silly decomposeActions install mkdirp@0.5.5
149 silly decomposeActions postinstall mkdirp@0.5.5
150 silly decomposeActions finalize mkdirp@0.5.5
151 silly decomposeActions fetch mkdirp@1.0.4
152 silly decomposeActions extract mkdirp@1.0.4
153 silly decomposeActions test mkdirp@1.0.4
154 silly decomposeActions preinstall mkdirp@1.0.4
155 silly decomposeActions build mkdirp@1.0.4
156 silly decomposeActions install mkdirp@1.0.4
157 silly decomposeActions postinstall mkdirp@1.0.4
158 silly decomposeActions finalize mkdirp@1.0.4
159 silly decomposeActions fetch multer@1.4.2
160 silly decomposeActions extract multer@1.4.2
161 silly decomposeActions test multer@1.4.2
162 silly decomposeActions preinstall multer@1.4.2
163 silly decomposeActions build multer@1.4.2
164 silly decomposeActions install multer@1.4.2
165 silly decomposeActions postinstall multer@1.4.2
166 silly decomposeActions finalize multer@1.4.2
167 silly executeActions Starting
168 silly install executeActions
169 silly doSerial global-install 0
170 silly doParallel fetch 3
171 verbose lock using /root/.npm/_locks/staging-3442ff2e50c6ce79.lock for /var/www/sundear.ru/kti-eios-server/node_modules/.staging
172 silly doParallel extract 3
173 silly extract mkdirp@0.5.5
174 silly extract mkdirp@1.0.4
175 silly extract multer@1.4.2
176 verbose unbuild node_modules/.staging/multer-3ddb2935
177 verbose unbuild node_modules/.staging/mkdirp-74c1e4fe
178 verbose unbuild node_modules/.staging/mkdirp-6c7bebd2
179 silly gentlyRm /var/www/sundear.ru/kti-eios-server/node_modules/.staging/multer-3ddb2935 is being purged from base /var/www/sundear.ru/kti-eios-server
180 verbose gentlyRm don't care about contents; nuking /var/www/sundear.ru/kti-eios-server/node_modules/.staging/multer-3ddb2935
181 silly gentlyRm /var/www/sundear.ru/kti-eios-server/node_modules/.staging/mkdirp-74c1e4fe is being purged from base /var/www/sundear.ru/kti-eios-server
182 verbose gentlyRm don't care about contents; nuking /var/www/sundear.ru/kti-eios-server/node_modules/.staging/mkdirp-74c1e4fe
183 verbose tar unpack /root/.npm/multer/1.4.2/package.tgz
184 verbose tar unpacking to /var/www/sundear.ru/kti-eios-server/node_modules/.staging/multer-3ddb2935
185 silly gentlyRm /var/www/sundear.ru/kti-eios-server/node_modules/.staging/multer-3ddb2935 is being purged
186 verbose gentlyRm don't care about contents; nuking /var/www/sundear.ru/kti-eios-server/node_modules/.staging/multer-3ddb2935
187 silly gentlyRm /var/www/sundear.ru/kti-eios-server/node_modules/.staging/mkdirp-6c7bebd2 is being purged from base /var/www/sundear.ru/kti-eios-server
188 verbose gentlyRm don't care about contents; nuking /var/www/sundear.ru/kti-eios-server/node_modules/.staging/mkdirp-6c7bebd2
189 verbose tar unpack /root/.npm/mkdirp/0.5.5/package.tgz
190 verbose tar unpacking to /var/www/sundear.ru/kti-eios-server/node_modules/.staging/mkdirp-74c1e4fe
191 silly gentlyRm /var/www/sundear.ru/kti-eios-server/node_modules/.staging/mkdirp-74c1e4fe is being purged
192 verbose gentlyRm don't care about contents; nuking /var/www/sundear.ru/kti-eios-server/node_modules/.staging/mkdirp-74c1e4fe
193 silly gunzTarPerm modes [ '777', '666' ]
194 verbose tar unpack /root/.npm/mkdirp/1.0.4/package.tgz
195 verbose tar unpacking to /var/www/sundear.ru/kti-eios-server/node_modules/.staging/mkdirp-6c7bebd2
196 silly gentlyRm /var/www/sundear.ru/kti-eios-server/node_modules/.staging/mkdirp-6c7bebd2 is being purged
197 verbose gentlyRm don't care about contents; nuking /var/www/sundear.ru/kti-eios-server/node_modules/.staging/mkdirp-6c7bebd2
198 silly gunzTarPerm modes [ '777', '666' ]
199 silly gunzTarPerm modes [ '777', '666' ]
200 silly gunzTarPerm extractEntry package.json
201 silly gunzTarPerm modified mode [ 'package.json', 420, 438 ]
202 silly gunzTarPerm extractEntry LICENSE
203 silly gunzTarPerm modified mode [ 'LICENSE', 420, 438 ]
204 silly gunzTarPerm extractEntry LICENSE
205 silly gunzTarPerm modified mode [ 'LICENSE', 420, 438 ]
206 silly gunzTarPerm extractEntry CHANGELOG.md
207 silly gunzTarPerm modified mode [ 'CHANGELOG.md', 420, 438 ]
208 silly gunzTarPerm extractEntry index.js
209 silly gunzTarPerm modified mode [ 'index.js', 420, 438 ]
210 silly gunzTarPerm extractEntry bin/cmd.js
211 silly gunzTarPerm modified mode [ 'bin/cmd.js', 493, 511 ]
212 silly gunzTarPerm extractEntry index.js
213 silly gunzTarPerm modified mode [ 'index.js', 420, 438 ]
214 silly gunzTarPerm extractEntry bin/cmd.js
215 silly gunzTarPerm modified mode [ 'bin/cmd.js', 493, 511 ]
216 silly gunzTarPerm extractEntry lib/find-made.js
217 silly gunzTarPerm modified mode [ 'lib/find-made.js', 420, 438 ]
218 silly gunzTarPerm extractEntry index.js
219 silly gunzTarPerm modified mode [ 'index.js', 420, 438 ]
220 silly gunzTarPerm extractEntry lib/mkdirp-manual.js
221 silly gunzTarPerm modified mode [ 'lib/mkdirp-manual.js', 420, 438 ]
222 silly gunzTarPerm extractEntry LICENSE
223 silly gunzTarPerm modified mode [ 'LICENSE', 420, 438 ]
224 silly gunzTarPerm extractEntry README.md
225 silly gunzTarPerm modified mode [ 'README.md', 420, 438 ]
226 silly gunzTarPerm extractEntry package.json
227 silly gunzTarPerm modified mode [ 'package.json', 420, 438 ]
228 silly gunzTarPerm extractEntry readme.markdown
229 silly gunzTarPerm modified mode [ 'readme.markdown', 420, 438 ]
230 silly gunzTarPerm extractEntry lib/counter.js
231 silly gunzTarPerm modified mode [ 'lib/counter.js', 420, 438 ]
232 silly gunzTarPerm extractEntry lib/mkdirp-native.js
233 silly gunzTarPerm modified mode [ 'lib/mkdirp-native.js', 420, 438 ]
234 silly gunzTarPerm extractEntry lib/opts-arg.js
235 silly gunzTarPerm modified mode [ 'lib/opts-arg.js', 420, 438 ]
236 silly gunzTarPerm extractEntry bin/usage.txt
237 silly gunzTarPerm modified mode [ 'bin/usage.txt', 420, 438 ]
238 silly gunzTarPerm extractEntry lib/file-appender.js
239 silly gunzTarPerm modified mode [ 'lib/file-appender.js', 420, 438 ]
240 silly gunzTarPerm extractEntry lib/make-middleware.js
241 silly gunzTarPerm modified mode [ 'lib/make-middleware.js', 420, 438 ]
242 silly gunzTarPerm extractEntry lib/path-arg.js
243 silly gunzTarPerm modified mode [ 'lib/path-arg.js', 420, 438 ]
244 silly gunzTarPerm extractEntry lib/use-native.js
245 silly gunzTarPerm modified mode [ 'lib/use-native.js', 420, 438 ]
246 silly gunzTarPerm extractEntry lib/multer-error.js
247 silly gunzTarPerm modified mode [ 'lib/multer-error.js', 420, 438 ]
248 silly gunzTarPerm extractEntry lib/remove-uploaded-files.js
249 silly gunzTarPerm modified mode [ 'lib/remove-uploaded-files.js', 420, 438 ]
250 silly gunzTarPerm extractEntry package.json
251 silly gunzTarPerm modified mode [ 'package.json', 420, 438 ]
252 silly gunzTarPerm extractEntry readme.markdown
253 silly gunzTarPerm modified mode [ 'readme.markdown', 420, 438 ]
254 silly gunzTarPerm extractEntry CHANGELOG.md
255 silly gunzTarPerm modified mode [ 'CHANGELOG.md', 420, 438 ]
256 silly gunzTarPerm extractEntry storage/disk.js
257 silly gunzTarPerm modified mode [ 'storage/disk.js', 420, 438 ]
258 silly gunzTarPerm extractEntry storage/memory.js
259 silly gunzTarPerm modified mode [ 'storage/memory.js', 420, 438 ]
260 silly gentlyRm /var/www/sundear.ru/kti-eios-server/node_modules/.staging/mkdirp-74c1e4fe/node_modules is being purged
261 verbose gentlyRm don't care about contents; nuking /var/www/sundear.ru/kti-eios-server/node_modules/.staging/mkdirp-74c1e4fe/node_modules
262 silly gentlyRm /var/www/sundear.ru/kti-eios-server/node_modules/.staging/mkdirp-6c7bebd2/node_modules is being purged
263 verbose gentlyRm don't care about contents; nuking /var/www/sundear.ru/kti-eios-server/node_modules/.staging/mkdirp-6c7bebd2/node_modules
264 silly gentlyRm /var/www/sundear.ru/kti-eios-server/node_modules/.staging/multer-3ddb2935/node_modules is being purged
265 verbose gentlyRm don't care about contents; nuking /var/www/sundear.ru/kti-eios-server/node_modules/.staging/multer-3ddb2935/node_modules
266 silly doParallel preinstall 3
267 silly preinstall mkdirp@0.5.5 /var/www/sundear.ru/kti-eios-server/node_modules/.staging/mkdirp-74c1e4fe
268 info lifecycle mkdirp@0.5.5~preinstall: mkdirp@0.5.5
269 silly preinstall mkdirp@1.0.4 /var/www/sundear.ru/kti-eios-server/node_modules/.staging/mkdirp-6c7bebd2
270 info lifecycle mkdirp@1.0.4~preinstall: mkdirp@1.0.4
271 silly preinstall multer@1.4.2 /var/www/sundear.ru/kti-eios-server/node_modules/.staging/multer-3ddb2935
272 info lifecycle multer@1.4.2~preinstall: multer@1.4.2
273 silly lifecycle mkdirp@0.5.5~preinstall: no script for preinstall, continuing
274 silly lifecycle mkdirp@1.0.4~preinstall: no script for preinstall, continuing
275 silly lifecycle multer@1.4.2~preinstall: no script for preinstall, continuing
276 silly doReverseSerial remove 0
277 silly doSerial move 0
278 silly doSerial finalize 3
279 silly finalize /var/www/sundear.ru/kti-eios-server/node_modules/multer/node_modules/mkdirp
280 silly finalize /var/www/sundear.ru/kti-eios-server/node_modules/mkdirp
281 verbose unlock done using /root/.npm/_locks/staging-3442ff2e50c6ce79.lock for /var/www/sundear.ru/kti-eios-server/node_modules/.staging
282 silly rollbackFailedOptional Starting
283 silly rollbackFailedOptional Finishing
284 silly runTopLevelLifecycles Starting
285 silly runTopLevelLifecycles Finishing
286 silly install printInstalled
287 warn kti-eios-server@1.0.0 No description
288 verbose stack Error: EACCES: permission denied, rename '/var/www/sundear.ru/kti-eios-server/node_modules/mkdirp' -> '/var/www/sundear.ru/kti-eios-server/node_modules/.mkdirp.DELETE'
288 verbose stack     at moveAway (/usr/share/npm/lib/install/action/finalize.js:38:5)
288 verbose stack     at destStatted (/usr/share/npm/lib/install/action/finalize.js:27:7)
288 verbose stack     at FSReqWrap.oncomplete (fs.js:153:5)
288 verbose stack
288 verbose stack Error: EACCES: permission denied, rename '/var/www/sundear.ru/kti-eios-server/node_modules/mkdirp' -> '/var/www/sundear.ru/kti-eios-server/node_modules/.mkdirp.DELETE'
289 verbose cwd /var/www/sundear.ru/kti-eios-server
290 error Linux 4.4.0-18362-Microsoft
291 error argv "/usr/bin/node" "/usr/bin/npm" "i" "mkdirp"
292 error node v8.10.0
293 error npm  v3.5.2
294 error path /var/www/sundear.ru/kti-eios-server/node_modules/mkdirp
295 error code EACCES
296 error errno -13
297 error syscall rename
298 error Error: EACCES: permission denied, rename '/var/www/sundear.ru/kti-eios-server/node_modules/mkdirp' -> '/var/www/sundear.ru/kti-eios-server/node_modules/.mkdirp.DELETE'
298 error     at moveAway (/usr/share/npm/lib/install/action/finalize.js:38:5)
298 error     at destStatted (/usr/share/npm/lib/install/action/finalize.js:27:7)
298 error     at FSReqWrap.oncomplete (fs.js:153:5)
298 error
298 error Error: EACCES: permission denied, rename '/var/www/sundear.ru/kti-eios-server/node_modules/mkdirp' -> '/var/www/sundear.ru/kti-eios-server/node_modules/.mkdirp.DELETE'
298 error  { Error: EACCES: permission denied, rename '/var/www/sundear.ru/kti-eios-server/node_modules/mkdirp' -> '/var/www/sundear.ru/kti-eios-server/node_modules/.mkdirp.DELETE'
298 error     at moveAway (/usr/share/npm/lib/install/action/finalize.js:38:5)
298 error     at destStatted (/usr/share/npm/lib/install/action/finalize.js:27:7)
298 error     at FSReqWrap.oncomplete (fs.js:153:5)
298 error
298 error Error: EACCES: permission denied, rename '/var/www/sundear.ru/kti-eios-server/node_modules/mkdirp' -> '/var/www/sundear.ru/kti-eios-server/node_modules/.mkdirp.DELETE' parent: 'kti-eios-server' }
299 error Please try running this command again as root/Administrator.
300 verbose exit [ -13, true ]
